F:\Mohit Jain\code\final\PizzaSystem\client\dist\out-tsc\app\app.component.js
F:\Mohit Jain\code\final\PizzaSystem\client\dist\out-tsc\app\app.component.js.map
F:\Mohit Jain\code\final\PizzaSystem\client\dist\out-tsc\app\shared\Order.js
F:\Mohit Jain\code\final\PizzaSystem\client\dist\out-tsc\app\shared\Order.js.map
F:\Mohit Jain\code\final\PizzaSystem\client\dist\out-tsc\app\shared\Pizza.js
F:\Mohit Jain\code\final\PizzaSystem\client\dist\out-tsc\app\shared\Pizza.js.map
F:\Mohit Jain\code\final\PizzaSystem\client\dist\out-tsc\app\services\store.service.js
F:\Mohit Jain\code\final\PizzaSystem\client\dist\out-tsc\app\services\store.service.js.map
F:\Mohit Jain\code\final\PizzaSystem\client\dist\out-tsc\app\views\customize-pizza.component.js
F:\Mohit Jain\code\final\PizzaSystem\client\dist\out-tsc\app\views\customize-pizza.component.js.map
F:\Mohit Jain\code\final\PizzaSystem\client\dist\out-tsc\app\views\pizzaListView.component.js
F:\Mohit Jain\code\final\PizzaSystem\client\dist\out-tsc\app\views\pizzaListView.component.js.map
F:\Mohit Jain\code\final\PizzaSystem\client\dist\out-tsc\app\views\CartView.js
F:\Mohit Jain\code\final\PizzaSystem\client\dist\out-tsc\app\views\CartView.js.map
F:\Mohit Jain\code\final\PizzaSystem\client\dist\out-tsc\app\app.module.js
F:\Mohit Jain\code\final\PizzaSystem\client\dist\out-tsc\app\app.module.js.map
F:\Mohit Jain\code\final\PizzaSystem\client\dist\out-tsc\environments\environment.js
F:\Mohit Jain\code\final\PizzaSystem\client\dist\out-tsc\environments\environment.js.map
F:\Mohit Jain\code\final\PizzaSystem\client\dist\out-tsc\main.js
F:\Mohit Jain\code\final\PizzaSystem\client\dist\out-tsc\main.js.map
F:\Mohit Jain\code\final\PizzaSystem\client\dist\out-tsc\polyfills.js
F:\Mohit Jain\code\final\PizzaSystem\client\dist\out-tsc\polyfills.js.map
F:\Mohit Jain\code\final\PizzaSystem\client\dist\out-tsc\environments\environment.prod.js
F:\Mohit Jain\code\final\PizzaSystem\client\dist\out-tsc\environments\environment.prod.js.map
