C:\Users\ARana8\OneDrive - Schlumberger\Desktop\LastePizzaApp\PizzaSystem\client\dist\out-tsc\app\app.component.js
C:\Users\ARana8\OneDrive - Schlumberger\Desktop\LastePizzaApp\PizzaSystem\client\dist\out-tsc\app\app.component.js.map
C:\Users\ARana8\OneDrive - Schlumberger\Desktop\LastePizzaApp\PizzaSystem\client\dist\out-tsc\app\shared\Order.js
C:\Users\ARana8\OneDrive - Schlumberger\Desktop\LastePizzaApp\PizzaSystem\client\dist\out-tsc\app\shared\Order.js.map
C:\Users\ARana8\OneDrive - Schlumberger\Desktop\LastePizzaApp\PizzaSystem\client\dist\out-tsc\app\shared\Pizza.js
C:\Users\ARana8\OneDrive - Schlumberger\Desktop\LastePizzaApp\PizzaSystem\client\dist\out-tsc\app\shared\Pizza.js.map
C:\Users\ARana8\OneDrive - Schlumberger\Desktop\LastePizzaApp\PizzaSystem\client\dist\out-tsc\app\services\store.service.js
C:\Users\ARana8\OneDrive - Schlumberger\Desktop\LastePizzaApp\PizzaSystem\client\dist\out-tsc\app\services\store.service.js.map
C:\Users\ARana8\OneDrive - Schlumberger\Desktop\LastePizzaApp\PizzaSystem\client\dist\out-tsc\app\views\customize-pizza.component.js
C:\Users\ARana8\OneDrive - Schlumberger\Desktop\LastePizzaApp\PizzaSystem\client\dist\out-tsc\app\views\customize-pizza.component.js.map
C:\Users\ARana8\OneDrive - Schlumberger\Desktop\LastePizzaApp\PizzaSystem\client\dist\out-tsc\app\views\pizzaListView.component.js
C:\Users\ARana8\OneDrive - Schlumberger\Desktop\LastePizzaApp\PizzaSystem\client\dist\out-tsc\app\views\pizzaListView.component.js.map
C:\Users\ARana8\OneDrive - Schlumberger\Desktop\LastePizzaApp\PizzaSystem\client\dist\out-tsc\app\views\CartView.js
C:\Users\ARana8\OneDrive - Schlumberger\Desktop\LastePizzaApp\PizzaSystem\client\dist\out-tsc\app\views\CartView.js.map
C:\Users\ARana8\OneDrive - Schlumberger\Desktop\LastePizzaApp\PizzaSystem\client\dist\out-tsc\app\app.module.js
C:\Users\ARana8\OneDrive - Schlumberger\Desktop\LastePizzaApp\PizzaSystem\client\dist\out-tsc\app\app.module.js.map
C:\Users\ARana8\OneDrive - Schlumberger\Desktop\LastePizzaApp\PizzaSystem\client\dist\out-tsc\environments\environment.js
C:\Users\ARana8\OneDrive - Schlumberger\Desktop\LastePizzaApp\PizzaSystem\client\dist\out-tsc\environments\environment.js.map
C:\Users\ARana8\OneDrive - Schlumberger\Desktop\LastePizzaApp\PizzaSystem\client\dist\out-tsc\main.js
C:\Users\ARana8\OneDrive - Schlumberger\Desktop\LastePizzaApp\PizzaSystem\client\dist\out-tsc\main.js.map
C:\Users\ARana8\OneDrive - Schlumberger\Desktop\LastePizzaApp\PizzaSystem\client\dist\out-tsc\polyfills.js
C:\Users\ARana8\OneDrive - Schlumberger\Desktop\LastePizzaApp\PizzaSystem\client\dist\out-tsc\polyfills.js.map
C:\Users\ARana8\OneDrive - Schlumberger\Desktop\LastePizzaApp\PizzaSystem\client\dist\out-tsc\environments\environment.prod.js
C:\Users\ARana8\OneDrive - Schlumberger\Desktop\LastePizzaApp\PizzaSystem\client\dist\out-tsc\environments\environment.prod.js.map
